2024-06-07 06:29:34.821643 [info] : zookeeper_init success
2024-06-07 06:29:34.832334 [info] : znode create successfuly: path = /UserServiceRpc/Register
2024-06-07 06:29:34.838194 [info] : znode create successfuly: path = /UserServiceRpc/Login
2024-06-07 06:29:34.838363 [info] : RpcProvider start service at 127.0.0.1:8800
2024-06-07 06:30:24.432930 [info] : call UserServiceRpc.Login
2024-06-07 06:30:24.447442 [info] : call UserServiceRpc.Register
2024-06-07 06:32:26.847615 [info] : call UserServiceRpc.Login
2024-06-07 06:32:26.853706 [info] : call UserServiceRpc.Register
2024-06-07 06:32:27.610401 [info] : call UserServiceRpc.Login
2024-06-07 06:32:27.616031 [info] : call UserServiceRpc.Register
2024-06-07 06:32:28.323262 [info] : call UserServiceRpc.Login
2024-06-07 06:32:28.338059 [info] : call UserServiceRpc.Register
2024-06-07 06:32:28.956114 [info] : call UserServiceRpc.Login
2024-06-07 06:32:28.967314 [info] : call UserServiceRpc.Register
2024-06-07 06:32:29.610104 [info] : call UserServiceRpc.Login
2024-06-07 06:32:29.622683 [info] : call UserServiceRpc.Register
2024-06-07 06:32:30.179719 [info] : call UserServiceRpc.Login
2024-06-07 06:32:30.185799 [info] : call UserServiceRpc.Register
2024-06-07 06:32:30.737593 [info] : call UserServiceRpc.Login
2024-06-07 06:32:30.744783 [info] : call UserServiceRpc.Register
2024-06-07 06:32:34.621501 [info] : call UserServiceRpc.Login
2024-06-07 06:32:34.636757 [info] : call UserServiceRpc.Register
2024-06-07 06:32:35.178847 [info] : call UserServiceRpc.Login
2024-06-07 06:32:35.190640 [info] : call UserServiceRpc.Register
2024-06-07 06:32:35.732230 [info] : call UserServiceRpc.Login
2024-06-07 06:32:35.744427 [info] : call UserServiceRpc.Register
2024-06-07 06:32:36.222732 [info] : call UserServiceRpc.Login
2024-06-07 06:32:36.236053 [info] : call UserServiceRpc.Register
2024-06-07 06:32:36.721671 [info] : call UserServiceRpc.Login
2024-06-07 06:32:36.733827 [info] : call UserServiceRpc.Register
2024-06-07 06:32:37.201425 [info] : call UserServiceRpc.Login
2024-06-07 06:32:37.212215 [info] : call UserServiceRpc.Register
2024-06-07 06:32:37.640614 [info] : call UserServiceRpc.Login
2024-06-07 06:32:37.652204 [info] : call UserServiceRpc.Register
2024-06-07 06:32:38.097763 [info] : call UserServiceRpc.Login
2024-06-07 06:32:38.109374 [info] : call UserServiceRpc.Register
2024-06-07 06:32:38.549006 [info] : call UserServiceRpc.Login
2024-06-07 06:32:38.553555 [info] : call UserServiceRpc.Register
2024-06-07 06:32:38.973785 [info] : call UserServiceRpc.Login
2024-06-07 06:32:38.985581 [info] : call UserServiceRpc.Register
2024-06-07 06:32:39.396705 [info] : call UserServiceRpc.Login
2024-06-07 06:32:39.407534 [info] : call UserServiceRpc.Register
2024-06-07 06:32:39.806872 [info] : call UserServiceRpc.Login
2024-06-07 06:32:39.818616 [info] : call UserServiceRpc.Register
2024-06-07 06:32:40.235595 [info] : call UserServiceRpc.Login
2024-06-07 06:32:40.246503 [info] : call UserServiceRpc.Register
2024-06-07 06:32:40.690233 [info] : call UserServiceRpc.Login
2024-06-07 06:32:40.701620 [info] : call UserServiceRpc.Register
2024-06-07 06:32:41.102808 [info] : call UserServiceRpc.Login
